<?xml version="1.0" encoding="UTF-8"?>
<!-- Generated by org.testng.reporters.JUnitXMLReporter -->
<testsuite ignored="0" hostname="Srivarinis-MacBook-Air.local" failures="1" tests="1" name="Spot In Snell Test" time="6.549" errors="0" timestamp="2025-03-25T11:32:14 GMT-04:00">
  <testcase classname="com.sqcm.group4.Selenium.SpotInSnellTest" name="runScenario" time="5.615">
    <failure type="java.lang.AssertionError" message="❌ Final URL didn&amp;apos;t match expected path. expected [true] but found [false]">
      <![CDATA[java.lang.AssertionError: ❌ Final URL didn't match expected path. expected [true] but found [false]
at com.sqcm.group4.Selenium.SpotInSnellTest.runScenario(SpotInSnellTest.java:82)
at java.base/java.util.ArrayList.forEach(ArrayList.java:1596)
... Removed 28 stack frames]]>
    </failure>
  </testcase> <!-- runScenario -->
</testsuite> <!-- Spot In Snell Test -->
